<?xml version="1.0" encoding="UTF-8"?>
<testng-results ignored="0" total="1" passed="1" failed="0" skipped="0">
  <reporter-output>
  </reporter-output>
  <suite started-at="2025-10-31T11:38:23 IST" name="Default suite" finished-at="2025-10-31T11:38:53 IST" duration-ms="29520">
    <groups>
    </groups>
    <test started-at="2025-10-31T11:38:23 IST" name="Default test" finished-at="2025-10-31T11:38:53 IST" duration-ms="29520">
      <class name="Login.Invetorypage">
        <test-method is-config="true" signature="setup()[pri:0, instance:Login.Invetorypage@639c2c1d]" started-at="2025-10-31T11:38:23 IST" name="setup" finished-at="2025-10-31T11:38:34 IST" duration-ms="10908" status="PASS">
          <reporter-output>
          </reporter-output>
        </test-method> <!-- setup -->
        <test-method signature="verifyProductAddToCart(java.lang.String,java.lang.String,java.lang.String)[pri:0, instance:Login.Invetorypage@639c2c1d]" started-at="2025-10-31T11:38:34 IST" name="verifyProductAddToCart" data-provider="loginData" finished-at="2025-10-31T11:38:50 IST" duration-ms="15883" status="PASS">
          <params>
            <param index="0">
              <value>
                <![CDATA[standard_user]]>
              </value>
            </param>
            <param index="1">
              <value>
                <![CDATA[secret_sauce]]>
              </value>
            </param>
            <param index="2">
              <value>
                <![CDATA[valid]]>
              </value>
            </param>
          </params>
          <reporter-output>
          </reporter-output>
        </test-method> <!-- verifyProductAddToCart -->
        <test-method is-config="true" signature="teardown()[pri:0, instance:Login.Invetorypage@639c2c1d]" started-at="2025-10-31T11:38:50 IST" name="teardown" finished-at="2025-10-31T11:38:53 IST" duration-ms="2460" status="PASS">
          <reporter-output>
          </reporter-output>
        </test-method> <!-- teardown -->
      </class> <!-- Login.Invetorypage -->
    </test> <!-- Default test -->
  </suite> <!-- Default suite -->
</testng-results>
